<?xml version="1.0" encoding="UTF-8"?>
<!-- Generated by org.testng.reporters.JUnitXMLReporter -->
<testsuite ignored="0" hostname="DESKTOP-GQFL59H" failures="0" tests="5" name="Default test" time="12.486" errors="0" timestamp="12 Sep 2021 13:56:34 GMT">
  <testcase classname="com.seleniumtest.seleniumtest.amazontest" name="testJbkTitle" time="2.107"/>
  <testcase classname="com.seleniumtest.seleniumtest.amazontest" name="testJbkTitleInvalid" time="0.615"/>
  <testcase classname="com.seleniumtest.seleniumtest.amazontest" name="testJbkTitlesubmit" time="1.82"/>
  <testcase classname="com.seleniumtest.seleniumtest.amazontest" name="testJbkTitlecheck" time="0.213"/>
  <testcase classname="com.seleniumtest.seleniumtest.amazontest" name="testJbkTitlescroll" time="6.051"/>
</testsuite> <!-- Default test -->
