<?xml version="1.0" encoding="UTF-8"?>
<!-- Generated by org.testng.reporters.JUnitXMLReporter -->
<testsuite ignored="0" hostname="DESKTOP-GQFL59H" failures="0" tests="6" name="Test" time="35.154" errors="0" timestamp="12 Sep 2021 14:15:57 GMT">
  <testcase classname="com.seleniumtest.seleniumtest.googletest" name="testJbkTitle" time="13.232"/>
  <testcase classname="com.seleniumtest.seleniumtest.amazontest" name="testJbkTitle" time="5.518"/>
  <testcase classname="com.seleniumtest.seleniumtest.amazontest" name="testJbkTitleInvalid" time="1.346"/>
  <testcase classname="com.seleniumtest.seleniumtest.amazontest" name="testJbkTitlesubmit" time="2.711"/>
  <testcase classname="com.seleniumtest.seleniumtest.amazontest" name="testJbkTitlecheck" time="0.315"/>
  <testcase classname="com.seleniumtest.seleniumtest.amazontest" name="testJbkTitlescroll" time="6.08"/>
</testsuite> <!-- Test -->
