<?xml version="1.0" encoding="UTF-8"?>
<testng-results ignored="0" total="6" passed="6" failed="0" skipped="0">
  <reporter-output>
  </reporter-output>
  <suite started-at="2021-09-12T14:15:22Z" name="Suite" finished-at="2021-09-12T14:15:57Z" duration-ms="35154">
    <groups>
    </groups>
    <test started-at="2021-09-12T14:15:22Z" name="Test" finished-at="2021-09-12T14:15:57Z" duration-ms="35154">
      <class name="com.seleniumtest.seleniumtest.amazontest">
        <test-method is-config="true" signature="beforeTest()[pri:0, instance:com.seleniumtest.seleniumtest.amazontest@7d3d101b]" started-at="2021-09-12T14:15:22Z" name="beforeTest" finished-at="2021-09-12T14:15:25Z" duration-ms="3530" status="PASS">
          <reporter-output>
          </reporter-output>
        </test-method> <!-- beforeTest -->
        <test-method is-config="true" signature="beforeTest()[pri:0, instance:com.seleniumtest.seleniumtest.googletest@6cdba6dc]" started-at="2021-09-12T14:15:25Z" name="beforeTest" finished-at="2021-09-12T14:15:27Z" duration-ms="1564" status="PASS">
          <reporter-output>
          </reporter-output>
        </test-method> <!-- beforeTest -->
        <test-method signature="testJbkTitle()[pri:0, instance:com.seleniumtest.seleniumtest.amazontest@7d3d101b]" started-at="2021-09-12T14:15:40Z" name="testJbkTitle" finished-at="2021-09-12T14:15:46Z" duration-ms="5518" status="PASS">
          <reporter-output>
          </reporter-output>
        </test-method> <!-- testJbkTitle -->
        <test-method signature="testJbkTitleInvalid()[pri:1, instance:com.seleniumtest.seleniumtest.amazontest@7d3d101b]" started-at="2021-09-12T14:15:46Z" name="testJbkTitleInvalid" finished-at="2021-09-12T14:15:47Z" duration-ms="1346" status="PASS">
          <reporter-output>
          </reporter-output>
        </test-method> <!-- testJbkTitleInvalid -->
        <test-method signature="testJbkTitlesubmit()[pri:2, instance:com.seleniumtest.seleniumtest.amazontest@7d3d101b]" started-at="2021-09-12T14:15:47Z" name="testJbkTitlesubmit" finished-at="2021-09-12T14:15:50Z" duration-ms="2711" status="PASS">
          <reporter-output>
          </reporter-output>
        </test-method> <!-- testJbkTitlesubmit -->
        <test-method signature="testJbkTitlecheck()[pri:3, instance:com.seleniumtest.seleniumtest.amazontest@7d3d101b]" started-at="2021-09-12T14:15:50Z" name="testJbkTitlecheck" finished-at="2021-09-12T14:15:50Z" duration-ms="315" status="PASS">
          <reporter-output>
          </reporter-output>
        </test-method> <!-- testJbkTitlecheck -->
        <test-method signature="testJbkTitlescroll()[pri:3, instance:com.seleniumtest.seleniumtest.amazontest@7d3d101b]" started-at="2021-09-12T14:15:50Z" name="testJbkTitlescroll" finished-at="2021-09-12T14:15:56Z" duration-ms="6080" status="PASS">
          <reporter-output>
          </reporter-output>
        </test-method> <!-- testJbkTitlescroll -->
        <test-method is-config="true" signature="afterTest()[pri:0, instance:com.seleniumtest.seleniumtest.amazontest@7d3d101b]" started-at="2021-09-12T14:15:56Z" name="afterTest" finished-at="2021-09-12T14:15:57Z" duration-ms="468" status="PASS">
          <reporter-output>
          </reporter-output>
        </test-method> <!-- afterTest -->
        <test-method is-config="true" signature="afterTest()[pri:0, instance:com.seleniumtest.seleniumtest.googletest@6cdba6dc]" started-at="2021-09-12T14:15:57Z" name="afterTest" finished-at="2021-09-12T14:15:57Z" duration-ms="361" status="PASS">
          <reporter-output>
          </reporter-output>
        </test-method> <!-- afterTest -->
      </class> <!-- com.seleniumtest.seleniumtest.amazontest -->
      <class name="com.seleniumtest.seleniumtest.googletest">
        <test-method signature="testJbkTitle()[pri:0, instance:com.seleniumtest.seleniumtest.googletest@6cdba6dc]" started-at="2021-09-12T14:15:27Z" name="testJbkTitle" finished-at="2021-09-12T14:15:40Z" duration-ms="13232" status="PASS">
          <reporter-output>
          </reporter-output>
        </test-method> <!-- testJbkTitle -->
      </class> <!-- com.seleniumtest.seleniumtest.googletest -->
    </test> <!-- Test -->
  </suite> <!-- Suite -->
</testng-results>
