<?xml version="1.0" encoding="UTF-8"?>
<testng-results ignored="0" total="5" passed="5" failed="0" skipped="0">
  <reporter-output>
  </reporter-output>
  <suite started-at="2021-09-12T13:56:21Z" name="Default suite" finished-at="2021-09-12T13:56:34Z" duration-ms="12486">
    <groups>
    </groups>
    <test started-at="2021-09-12T13:56:21Z" name="Default test" finished-at="2021-09-12T13:56:34Z" duration-ms="12486">
      <class name="com.seleniumtest.seleniumtest.amazontest">
        <test-method is-config="true" signature="beforeTest()[pri:0, instance:com.seleniumtest.seleniumtest.amazontest@44c73c26]" started-at="2021-09-12T13:56:21Z" name="beforeTest" finished-at="2021-09-12T13:56:22Z" duration-ms="1338" status="PASS">
          <reporter-output>
          </reporter-output>
        </test-method> <!-- beforeTest -->
        <test-method signature="testJbkTitle()[pri:0, instance:com.seleniumtest.seleniumtest.amazontest@44c73c26]" started-at="2021-09-12T13:56:22Z" name="testJbkTitle" finished-at="2021-09-12T13:56:24Z" duration-ms="2107" status="PASS">
          <reporter-output>
          </reporter-output>
        </test-method> <!-- testJbkTitle -->
        <test-method signature="testJbkTitleInvalid()[pri:1, instance:com.seleniumtest.seleniumtest.amazontest@44c73c26]" started-at="2021-09-12T13:56:24Z" name="testJbkTitleInvalid" finished-at="2021-09-12T13:56:25Z" duration-ms="615" status="PASS">
          <reporter-output>
          </reporter-output>
        </test-method> <!-- testJbkTitleInvalid -->
        <test-method signature="testJbkTitlesubmit()[pri:2, instance:com.seleniumtest.seleniumtest.amazontest@44c73c26]" started-at="2021-09-12T13:56:25Z" name="testJbkTitlesubmit" finished-at="2021-09-12T13:56:27Z" duration-ms="1820" status="PASS">
          <reporter-output>
          </reporter-output>
        </test-method> <!-- testJbkTitlesubmit -->
        <test-method signature="testJbkTitlecheck()[pri:3, instance:com.seleniumtest.seleniumtest.amazontest@44c73c26]" started-at="2021-09-12T13:56:27Z" name="testJbkTitlecheck" finished-at="2021-09-12T13:56:27Z" duration-ms="213" status="PASS">
          <reporter-output>
          </reporter-output>
        </test-method> <!-- testJbkTitlecheck -->
        <test-method signature="testJbkTitlescroll()[pri:3, instance:com.seleniumtest.seleniumtest.amazontest@44c73c26]" started-at="2021-09-12T13:56:27Z" name="testJbkTitlescroll" finished-at="2021-09-12T13:56:33Z" duration-ms="6051" status="PASS">
          <reporter-output>
          </reporter-output>
        </test-method> <!-- testJbkTitlescroll -->
        <test-method is-config="true" signature="afterTest()[pri:0, instance:com.seleniumtest.seleniumtest.amazontest@44c73c26]" started-at="2021-09-12T13:56:33Z" name="afterTest" finished-at="2021-09-12T13:56:34Z" duration-ms="302" status="PASS">
          <reporter-output>
          </reporter-output>
        </test-method> <!-- afterTest -->
      </class> <!-- com.seleniumtest.seleniumtest.amazontest -->
    </test> <!-- Default test -->
  </suite> <!-- Default suite -->
</testng-results>
